"Start of log file."
"D:/Unity Files/Cenote (SourceTree)/Assets/VisualAssets/ModelsA/STUDIO_ASSET 1st Room Panal.max"
"Starting max loading and fbx conversion"
window = undefined
"Settings units"
"Before fbx export"
"After fbx export"
"Finished max loading and fbx conversion"
"D:/Unity Files/Cenote (SourceTree)/Assets/VisualAssets/ModelsA/FinalRoom_Rescaled.max"
"Starting max loading and fbx conversion"
window = undefined
"Settings units"
"Before fbx export"
"After fbx export"
"Finished max loading and fbx conversion"
"D:/Unity Files/Cenote (SourceTree)/Assets/VisualAssets/ModelsA/1st_Puzzle_Room_Panal.max"
"Starting max loading and fbx conversion"
window = undefined
"Settings units"
"Before fbx export"
"After fbx export"
"Finished max loading and fbx conversion"
"D:/Unity Files/Cenote (SourceTree)/Assets/VisualAssets/ModelsA/beanmodelrigskintest.max"
"Starting max loading and fbx conversion"
window = undefined
"Settings units"
"Before fbx export"
"After fbx export"
"Finished max loading and fbx conversion"
